May 25, 2018 4:39:22 PM Core.WebKeywordLibrary LAUNCHAPP
INFO: The url: https://demo.cyclos.org/#login is launched sucessfully
May 25, 2018 4:39:22 PM Core.WebKeywordLibrary LAUNCHAPP
INFO: The url: https://demo.cyclos.org/#login is launched sucessfully
May 25, 2018 4:39:22 PM Core.WebKeywordLibrary EnterByXpath
INFO: the element with xpath /html/body/div[3]/div[3]/div/div/div[2]/div[2]/div[2]/div/div/div/div[2]/form/div/input is entered with value demo
May 25, 2018 4:39:22 PM Core.WebKeywordLibrary EnterByXpath
INFO: the element with xpath /html/body/div[3]/div[3]/div/div/div[2]/div[2]/div[2]/div/div/div/div[2]/form/div/div[4]/input is entered with value 1234
May 25, 2018 4:39:26 PM Core.WebKeywordLibrary ClickByXpath
INFO: the element with xpath /html/body/div[3]/div[3]/div/div/div[2]/div[2]/div[2]/div/div/div/div[2]/form/div/button/div is clicked
May 25, 2018 4:39:29 PM Core.WebKeywordLibrary closebrowser
INFO: Browser closed sucessfully
May 25, 2018 4:39:38 PM Core.WebKeywordLibrary LAUNCHAPP
INFO: The url: https://demo.cyclos.org/#login is launched sucessfully
May 25, 2018 4:39:38 PM Core.WebKeywordLibrary LAUNCHAPP
INFO: The url: https://demo.cyclos.org/#login is launched sucessfully
May 25, 2018 4:39:39 PM Core.WebKeywordLibrary EnterByXpath
INFO: the element with xpath /html/body/div[3]/div[3]/div/div/div[2]/div[2]/div[2]/div/div/div/div[2]/form/div/input is entered with value demo
May 25, 2018 4:39:39 PM Core.WebKeywordLibrary EnterByXpath
INFO: the element with xpath /html/body/div[3]/div[3]/div/div/div[2]/div[2]/div[2]/div/div/div/div[2]/form/div/div[4]/input is entered with value 1234
May 25, 2018 4:39:43 PM Core.WebKeywordLibrary ClickByXpath
INFO: the element with xpath /html/body/div[3]/div[3]/div/div/div[2]/div[2]/div[2]/div/div/div/div[2]/form/div/button/div is clicked
May 25, 2018 4:39:45 PM Core.WebKeywordLibrary closebrowser
INFO: Browser closed sucessfully
May 25, 2018 4:39:56 PM Core.WebKeywordLibrary LAUNCHAPP
INFO: The url: https://demo.cyclos.org/#login is launched sucessfully
May 25, 2018 4:39:56 PM Core.WebKeywordLibrary LAUNCHAPP
INFO: The url: https://demo.cyclos.org/#login is launched sucessfully
May 25, 2018 4:39:56 PM Core.WebKeywordLibrary EnterByXpath
INFO: the element with xpath /html/body/div[3]/div[3]/div/div/div[2]/div[2]/div[2]/div/div/div/div[2]/form/div/input is entered with value demo
May 25, 2018 4:39:56 PM Core.WebKeywordLibrary EnterByXpath
INFO: the element with xpath /html/body/div[3]/div[3]/div/div/div[2]/div[2]/div[2]/div/div/div/div[2]/form/div/div[4]/input is entered with value 1234
May 25, 2018 4:40:00 PM Core.WebKeywordLibrary ClickByXpath
INFO: the element with xpath /html/body/div[3]/div[3]/div/div/div[2]/div[2]/div[2]/div/div/div/div[2]/form/div/button/div is clicked
May 25, 2018 4:40:03 PM Core.WebKeywordLibrary closebrowser
INFO: Browser closed sucessfully
