May 25, 2018 4:17:39 PM Core.WebKeywordLibrary LAUNCHAPP
INFO: The url: https://demo.cyclos.org/#login is launched sucessfully
May 25, 2018 4:17:39 PM Core.WebKeywordLibrary LAUNCHAPP
INFO: The url: https://demo.cyclos.org/#login is launched sucessfully
May 25, 2018 4:17:39 PM Core.WebKeywordLibrary EnterByXpath
INFO: the element with xpath /html/body/div[3]/div[3]/div/div/div[2]/div[2]/div[2]/div/div/div/div[2]/form/div/input is entered with value demo
May 25, 2018 4:17:40 PM Core.WebKeywordLibrary EnterByXpath
INFO: the element with xpath /html/body/div[3]/div[3]/div/div/div[2]/div[2]/div[2]/div/div/div/div[2]/form/div/div[4]/input is entered with value 1234
May 25, 2018 4:17:44 PM Core.WebKeywordLibrary ClickByXpath
INFO: the element with xpath /html/body/div[3]/div[3]/div/div/div[2]/div[2]/div[2]/div/div/div/div[2]/form/div/button/div is clicked
May 25, 2018 4:17:46 PM Core.WebKeywordLibrary closebrowser
INFO: Browser closed sucessfully
May 25, 2018 4:17:56 PM Core.WebKeywordLibrary LAUNCHAPP
INFO: The url: https://demo.cyclos.org/#login is launched sucessfully
May 25, 2018 4:17:56 PM Core.WebKeywordLibrary LAUNCHAPP
INFO: The url: https://demo.cyclos.org/#login is launched sucessfully
May 25, 2018 4:17:56 PM Core.WebKeywordLibrary EnterByXpath
INFO: the element with xpath /html/body/div[3]/div[3]/div/div/div[2]/div[2]/div[2]/div/div/div/div[2]/form/div/input is entered with value demo
May 25, 2018 4:17:57 PM Core.WebKeywordLibrary EnterByXpath
INFO: the element with xpath /html/body/div[3]/div[3]/div/div/div[2]/div[2]/div[2]/div/div/div/div[2]/form/div/div[4]/input is entered with value 1234
May 25, 2018 4:18:01 PM Core.WebKeywordLibrary ClickByXpath
INFO: the element with xpath /html/body/div[3]/div[3]/div/div/div[2]/div[2]/div[2]/div/div/div/div[2]/form/div/button/div is clicked
May 25, 2018 4:18:03 PM Core.WebKeywordLibrary closebrowser
INFO: Browser closed sucessfully
May 25, 2018 4:18:13 PM Core.WebKeywordLibrary LAUNCHAPP
INFO: The url: https://demo.cyclos.org/#login is launched sucessfully
May 25, 2018 4:18:13 PM Core.WebKeywordLibrary LAUNCHAPP
INFO: The url: https://demo.cyclos.org/#login is launched sucessfully
May 25, 2018 4:18:13 PM Core.WebKeywordLibrary EnterByXpath
INFO: the element with xpath /html/body/div[3]/div[3]/div/div/div[2]/div[2]/div[2]/div/div/div/div[2]/form/div/input is entered with value demo
May 25, 2018 4:18:14 PM Core.WebKeywordLibrary EnterByXpath
INFO: the element with xpath /html/body/div[3]/div[3]/div/div/div[2]/div[2]/div[2]/div/div/div/div[2]/form/div/div[4]/input is entered with value 1234
May 25, 2018 4:18:18 PM Core.WebKeywordLibrary ClickByXpath
INFO: the element with xpath /html/body/div[3]/div[3]/div/div/div[2]/div[2]/div[2]/div/div/div/div[2]/form/div/button/div is clicked
May 25, 2018 4:18:21 PM Core.WebKeywordLibrary closebrowser
INFO: Browser closed sucessfully
